<?xml version="1.0" encoding="UTF-8"?>
<!-- Generated by org.testng.reporters.JUnitReportReporter -->
<testsuite skipped="0" hostname="admin-desktop" name="com.bridgelabz.hubspot.test.LoginTest" tests="2" failures="0" timestamp="2019-12-20T12:55:31 IST" time="18.835" errors="0">
  <testcase name="loginTest" time="13.466" classname="com.bridgelabz.hubspot.test.LoginTest"/>
  <testcase name="signUpTest" time="5.369" classname="com.bridgelabz.hubspot.test.LoginTest"/>
</testsuite> <!-- com.bridgelabz.hubspot.test.LoginTest -->
