<?xml version="1.0" encoding="UTF-8"?>
<!-- Generated by org.testng.reporters.JUnitReportReporter -->
<testsuite hostname="admin-desktop" failures="0" tests="2" name="com.bridgelabz.hubspot.test.LoginTest" time="37.779" errors="0" timestamp="2019-12-31T08:55:28 IST" skipped="0">
  <testcase classname="com.bridgelabz.hubspot.test.LoginTest" name="loginTest" time="15.969"/>
  <testcase classname="com.bridgelabz.hubspot.test.LoginTest" name="signUpTest" time="21.810"/>
</testsuite> <!-- com.bridgelabz.hubspot.test.LoginTest -->
