<?xml version="1.0" encoding="UTF-8"?>
<!-- Generated by org.testng.reporters.JUnitReportReporter -->
<testsuite hostname="admin-desktop" failures="0" tests="2" name="com.bridgelabz.hubspot.test.LoginTest" time="46.074" errors="0" timestamp="2019-12-31T11:15:41 IST" skipped="0">
  <testcase classname="com.bridgelabz.hubspot.test.LoginTest" name="loginTest" time="22.754"/>
  <testcase classname="com.bridgelabz.hubspot.test.LoginTest" name="signUpTest" time="23.320"/>
</testsuite> <!-- com.bridgelabz.hubspot.test.LoginTest -->
